16:33:55.756 [main] DEBUG org.testng.TestNG - suiteXmlPath: "C:\Users\VBALRA~1\AppData\Local\Temp\testng-eclipse--1214392747\testng-customsuite.xml"
16:33:55.955 [main] INFO  org.testng.internal.Utils - [Utils] MethodGroupsHelper.collectMethodsByGroup() took 1 ms.
16:33:55.959 [main] INFO  org.testng.internal.Utils - [Utils] MethodGroupsHelper.sortMethods() took 0 ms.
16:33:55.961 [main] INFO  org.testng.internal.Utils - [Utils] MethodGroupsHelper.collectMethodsByGroup() took 0 ms.
16:33:55.961 [main] INFO  org.testng.internal.Utils - [Utils] MethodGroupsHelper.sortMethods() took 0 ms.
16:33:55.961 [main] INFO  org.testng.internal.Utils - [Utils] MethodGroupsHelper.collectMethodsByGroup() took 0 ms.
16:33:55.962 [main] INFO  org.testng.internal.Utils - [Utils] MethodGroupsHelper.sortMethods() took 0 ms.
16:33:55.962 [main] INFO  org.testng.internal.Utils - [Utils] MethodGroupsHelper.collectMethodsByGroup() took 0 ms.
16:33:55.962 [main] INFO  org.testng.internal.Utils - [Utils] MethodGroupsHelper.sortMethods() took 0 ms.
16:33:55.969 [main] INFO  org.testng.internal.Utils - [Utils] MethodGroupsHelper.collectMethodsByGroup() took 5 ms.
16:33:55.979 [main] INFO  org.testng.internal.Utils - [Utils] MethodGroupsHelper.sortMethods() took 9 ms.
16:33:55.980 [main] INFO  org.testng.internal.Utils - [Utils] MethodGroupsHelper.collectMethodsByGroup() took 0 ms.
16:33:55.981 [main] INFO  org.testng.internal.Utils - [Utils] MethodGroupsHelper.sortMethods() took 0 ms.
16:33:55.982 [main] INFO  org.testng.internal.Utils - [Utils] MethodGroupsHelper.collectMethodsByGroup() took 0 ms.
16:33:55.982 [main] INFO  org.testng.internal.Utils - [Utils] MethodGroupsHelper.sortMethods() took 0 ms.
16:33:55.982 [main] INFO  org.testng.internal.Utils - [Utils] MethodGroupsHelper.collectMethodsByGroup() took 0 ms.
16:33:55.982 [main] INFO  org.testng.internal.Utils - [Utils] MethodGroupsHelper.sortMethods() took 0 ms.
16:33:55.985 [main] INFO  org.testng.internal.Utils - [Utils] MethodGroupsHelper.collectMethodsByGroup() took 0 ms.
16:33:55.985 [main] INFO  org.testng.internal.Utils - [Utils] MethodGroupsHelper.sortMethods() took 0 ms.
16:33:55.986 [main] INFO  org.testng.internal.Utils - [Utils] MethodGroupsHelper.collectMethodsByGroup() took 0 ms.
16:33:55.986 [main] INFO  org.testng.internal.Utils - [Utils] MethodGroupsHelper.sortMethods() took 0 ms.
16:33:55.989 [main] INFO  org.testng.internal.Utils - [Utils] MethodGroupsHelper.collectMethodsByGroup() took 0 ms.
16:33:55.989 [main] INFO  org.testng.internal.Utils - [Utils] MethodGroupsHelper.sortMethods() took 0 ms.
16:33:55.989 [main] INFO  org.testng.internal.Utils - [Utils] MethodGroupsHelper.collectMethodsByGroup() took 0 ms.
16:33:55.989 [main] INFO  org.testng.internal.Utils - [Utils] MethodGroupsHelper.sortMethods() took 0 ms.
16:33:55.990 [main] INFO  org.testng.internal.Utils - [Utils] MethodGroupsHelper.collectMethodsByGroup() took 1 ms.
16:33:55.990 [main] INFO  org.testng.internal.Utils - [Utils] MethodGroupsHelper.sortMethods() took 0 ms.
16:33:55.991 [main] INFO  org.testng.internal.Utils - [Utils] MethodGroupsHelper.collectMethodsByGroup() took 0 ms.
16:33:55.992 [main] INFO  org.testng.internal.Utils - [Utils] MethodGroupsHelper.sortMethods() took 0 ms.
16:33:55.992 [main] INFO  org.testng.internal.Utils - [Utils] MethodGroupsHelper.collectMethodsByGroup() took 0 ms.
16:33:55.992 [main] INFO  org.testng.internal.Utils - [Utils] MethodGroupsHelper.sortMethods() took 0 ms.
16:33:55.998 [main] INFO  org.testng.internal.Utils - [TestNG] Running:
  C:\Users\V Balraj\AppData\Local\Temp\testng-eclipse--1214392747\testng-customsuite.xml

16:33:56.014 [main] INFO  org.testng.internal.Utils - [Utils] DynamicGraphHelper.createDynamicGraph() took 3 ms.
16:34:00.116 [main] INFO  testCases.TC001_AccountRegistrationTest - ***** Starting TC001_AccountRegistrationTest  *****
16:34:00.243 [main] INFO  testCases.TC001_AccountRegistrationTest - Clicked on MyAccount Link
16:34:00.617 [main] INFO  testCases.TC001_AccountRegistrationTest - Clicked on Register Link
16:34:00.619 [main] INFO  testCases.TC001_AccountRegistrationTest - Providing customer details...
16:34:02.967 [main] INFO  testCases.TC001_AccountRegistrationTest - Validating expected message...
16:34:03.002 [main] INFO  testCases.TC001_AccountRegistrationTest - ***** Finished TC001_AccountRegistrationTest  *****
16:34:03.271 [main] INFO  org.testng.internal.Utils - [TestNG] Time taken by org.testng.reporters.jq.Main@353efdbf: 50 ms
16:34:03.271 [main] INFO  org.testng.internal.Utils - [TestNG] Time taken by org.testng.reporters.FailedReporter@55cff952: 0 ms
16:34:03.277 [main] INFO  org.testng.internal.Utils - [TestNG] Time taken by org.testng.reporters.XMLReporter@2bcec6a6: 6 ms
16:34:03.282 [main] INFO  org.testng.internal.Utils - [TestNG] Time taken by org.testng.reporters.EmailableReporter2@37fdfb05: 5 ms
16:34:03.287 [main] INFO  org.testng.internal.Utils - [TestNG] Time taken by org.testng.reporters.JUnitReportReporter@476ec9d0: 5 ms
16:34:03.287 [main] INFO  org.testng.internal.Utils - [TestNG] Time taken by org.testng.internal.ExitCodeListener@325bb9a6: 0 ms
16:35:53.643 [main] DEBUG org.testng.TestNG - suiteXmlPath: "C:\Users\VBALRA~1\AppData\Local\Temp\testng-eclipse-411556105\testng-customsuite.xml"
16:35:53.849 [main] INFO  org.testng.internal.Utils - [Utils] MethodGroupsHelper.collectMethodsByGroup() took 1 ms.
16:35:53.852 [main] INFO  org.testng.internal.Utils - [Utils] MethodGroupsHelper.sortMethods() took 1 ms.
16:35:53.854 [main] INFO  org.testng.internal.Utils - [Utils] MethodGroupsHelper.collectMethodsByGroup() took 0 ms.
16:35:53.854 [main] INFO  org.testng.internal.Utils - [Utils] MethodGroupsHelper.sortMethods() took 0 ms.
16:35:53.854 [main] INFO  org.testng.internal.Utils - [Utils] MethodGroupsHelper.collectMethodsByGroup() took 0 ms.
16:35:53.855 [main] INFO  org.testng.internal.Utils - [Utils] MethodGroupsHelper.sortMethods() took 0 ms.
16:35:53.855 [main] INFO  org.testng.internal.Utils - [Utils] MethodGroupsHelper.collectMethodsByGroup() took 0 ms.
16:35:53.855 [main] INFO  org.testng.internal.Utils - [Utils] MethodGroupsHelper.sortMethods() took 0 ms.
16:35:53.861 [main] INFO  org.testng.internal.Utils - [Utils] MethodGroupsHelper.collectMethodsByGroup() took 4 ms.
16:35:53.870 [main] INFO  org.testng.internal.Utils - [Utils] MethodGroupsHelper.sortMethods() took 8 ms.
16:35:53.871 [main] INFO  org.testng.internal.Utils - [Utils] MethodGroupsHelper.collectMethodsByGroup() took 0 ms.
16:35:53.872 [main] INFO  org.testng.internal.Utils - [Utils] MethodGroupsHelper.sortMethods() took 0 ms.
16:35:53.873 [main] INFO  org.testng.internal.Utils - [Utils] MethodGroupsHelper.collectMethodsByGroup() took 0 ms.
16:35:53.873 [main] INFO  org.testng.internal.Utils - [Utils] MethodGroupsHelper.sortMethods() took 0 ms.
16:35:53.873 [main] INFO  org.testng.internal.Utils - [Utils] MethodGroupsHelper.collectMethodsByGroup() took 0 ms.
16:35:53.873 [main] INFO  org.testng.internal.Utils - [Utils] MethodGroupsHelper.sortMethods() took 0 ms.
16:35:53.875 [main] INFO  org.testng.internal.Utils - [Utils] MethodGroupsHelper.collectMethodsByGroup() took 0 ms.
16:35:53.875 [main] INFO  org.testng.internal.Utils - [Utils] MethodGroupsHelper.sortMethods() took 0 ms.
16:35:53.876 [main] INFO  org.testng.internal.Utils - [Utils] MethodGroupsHelper.collectMethodsByGroup() took 0 ms.
16:35:53.876 [main] INFO  org.testng.internal.Utils - [Utils] MethodGroupsHelper.sortMethods() took 0 ms.
16:35:53.879 [main] INFO  org.testng.internal.Utils - [Utils] MethodGroupsHelper.collectMethodsByGroup() took 0 ms.
16:35:53.879 [main] INFO  org.testng.internal.Utils - [Utils] MethodGroupsHelper.sortMethods() took 0 ms.
16:35:53.880 [main] INFO  org.testng.internal.Utils - [Utils] MethodGroupsHelper.collectMethodsByGroup() took 0 ms.
16:35:53.880 [main] INFO  org.testng.internal.Utils - [Utils] MethodGroupsHelper.sortMethods() took 0 ms.
16:35:53.881 [main] INFO  org.testng.internal.Utils - [Utils] MethodGroupsHelper.collectMethodsByGroup() took 1 ms.
16:35:53.881 [main] INFO  org.testng.internal.Utils - [Utils] MethodGroupsHelper.sortMethods() took 0 ms.
16:35:53.882 [main] INFO  org.testng.internal.Utils - [Utils] MethodGroupsHelper.collectMethodsByGroup() took 0 ms.
16:35:53.882 [main] INFO  org.testng.internal.Utils - [Utils] MethodGroupsHelper.sortMethods() took 0 ms.
16:35:53.882 [main] INFO  org.testng.internal.Utils - [Utils] MethodGroupsHelper.collectMethodsByGroup() took 0 ms.
16:35:53.882 [main] INFO  org.testng.internal.Utils - [Utils] MethodGroupsHelper.sortMethods() took 0 ms.
16:35:53.890 [main] INFO  org.testng.internal.Utils - [TestNG] Running:
  C:\Users\V Balraj\AppData\Local\Temp\testng-eclipse-411556105\testng-customsuite.xml

16:35:53.906 [main] INFO  org.testng.internal.Utils - [Utils] DynamicGraphHelper.createDynamicGraph() took 4 ms.
16:36:07.600 [main] INFO  testCases.TC001_AccountRegistrationTest - ***** Starting TC001_AccountRegistrationTest  *****
16:36:07.719 [main] INFO  testCases.TC001_AccountRegistrationTest - Clicked on MyAccount Link
16:36:08.132 [main] INFO  testCases.TC001_AccountRegistrationTest - Clicked on Register Link
16:36:08.134 [main] INFO  testCases.TC001_AccountRegistrationTest - Providing customer details...
16:36:10.423 [main] INFO  testCases.TC001_AccountRegistrationTest - Validating expected message...
16:36:10.458 [main] ERROR testCases.TC001_AccountRegistrationTest - Test failed..
16:36:10.458 [main] DEBUG testCases.TC001_AccountRegistrationTest - Debug logs...
16:36:11.133 [main] INFO  org.testng.internal.Utils - [TestNG] Time taken by org.testng.reporters.jq.Main@4cdd2c73: 52 ms
16:36:11.143 [main] INFO  org.testng.internal.Utils - [TestNG] Time taken by org.testng.reporters.FailedReporter@a64e035: 9 ms
16:36:11.149 [main] INFO  org.testng.internal.Utils - [TestNG] Time taken by org.testng.reporters.XMLReporter@6093d508: 6 ms
16:36:11.155 [main] INFO  org.testng.internal.Utils - [TestNG] Time taken by org.testng.reporters.EmailableReporter2@7d755813: 5 ms
16:36:11.161 [main] INFO  org.testng.internal.Utils - [TestNG] Time taken by org.testng.reporters.JUnitReportReporter@16a9a4f1: 6 ms
16:36:11.162 [main] INFO  org.testng.internal.Utils - [TestNG] Time taken by org.testng.internal.ExitCodeListener@1f1cae23: 0 ms
16:52:43.680 [main] DEBUG org.testng.TestNG - suiteXmlPath: "C:\Users\V Balraj\java_main\workspace\opencart\testng.xml"
16:52:43.930 [main] INFO  org.testng.internal.Utils - [TestNG] Running:
  C:\Users\V Balraj\java_main\workspace\opencart\testng.xml

16:52:53.659 [main] INFO  testCases.TC001_AccountRegistrationTest - ***** Starting TC001_AccountRegistrationTest  *****
16:52:53.781 [main] INFO  testCases.TC001_AccountRegistrationTest - Clicked on MyAccount Link
16:52:55.949 [main] INFO  testCases.TC001_AccountRegistrationTest - Clicked on Register Link
16:52:55.950 [main] INFO  testCases.TC001_AccountRegistrationTest - Providing customer details...
16:52:57.438 [main] INFO  testCases.TC001_AccountRegistrationTest - Validating expected message...
16:52:57.473 [main] INFO  testCases.TC001_AccountRegistrationTest - ***** Finished TC001_AccountRegistrationTest  *****
17:03:23.987 [main] DEBUG org.testng.TestNG - suiteXmlPath: "C:\Users\V Balraj\java_main\workspace\opencart\crossbrowsertesting.xml"
17:03:24.245 [main] INFO  org.testng.internal.Utils - [TestNG] Running:
  C:\Users\V Balraj\java_main\workspace\opencart\crossbrowsertesting.xml

17:03:52.794 [main] INFO  testCases.TC001_AccountRegistrationTest - ***** Starting TC001_AccountRegistrationTest  *****
17:03:52.908 [main] INFO  testCases.TC001_AccountRegistrationTest - Clicked on MyAccount Link
17:03:54.587 [main] INFO  testCases.TC001_AccountRegistrationTest - Clicked on Register Link
17:03:54.589 [main] INFO  testCases.TC001_AccountRegistrationTest - Providing customer details...
17:03:55.906 [main] INFO  testCases.TC001_AccountRegistrationTest - Validating expected message...
17:03:55.938 [main] INFO  testCases.TC001_AccountRegistrationTest - ***** Finished TC001_AccountRegistrationTest  *****
17:04:36.458 [main] INFO  testCases.TC001_AccountRegistrationTest - ***** Starting TC001_AccountRegistrationTest  *****
17:04:36.668 [main] INFO  testCases.TC001_AccountRegistrationTest - Clicked on MyAccount Link
17:04:37.546 [main] INFO  testCases.TC001_AccountRegistrationTest - Clicked on Register Link
17:04:37.547 [main] INFO  testCases.TC001_AccountRegistrationTest - Providing customer details...
17:05:26.225 [main] INFO  testCases.TC001_AccountRegistrationTest - Validating expected message...
17:05:26.263 [main] INFO  testCases.TC001_AccountRegistrationTest - ***** Finished TC001_AccountRegistrationTest  *****
17:06:20.694 [main] INFO  testCases.TC001_AccountRegistrationTest - ***** Starting TC001_AccountRegistrationTest  *****
17:06:21.769 [main] INFO  testCases.TC001_AccountRegistrationTest - Clicked on MyAccount Link
17:06:22.358 [main] INFO  testCases.TC001_AccountRegistrationTest - Clicked on Register Link
17:06:22.358 [main] INFO  testCases.TC001_AccountRegistrationTest - Providing customer details...
17:06:23.791 [main] INFO  testCases.TC001_AccountRegistrationTest - Validating expected message...
17:06:23.885 [main] INFO  testCases.TC001_AccountRegistrationTest - ***** Finished TC001_AccountRegistrationTest  *****
18:09:46.687 [main] DEBUG org.testng.TestNG - suiteXmlPath: "C:\Users\V Balraj\java_main\workspace\opencart\test-output\crossbrowsertesting.xml"
18:09:46.702 [main] WARN  org.testng.xml.TestNGContentHandler - It is strongly recommended to add "<!DOCTYPE suite SYSTEM "https://testng.org/testng-1.1.dtd" >" at the top of the suite file [C:\Users\V Balraj\java_main\workspace\opencart\test-output\crossbrowsertesting.xml] otherwise TestNG may fail or not work as expected.
18:09:46.939 [main] INFO  org.testng.internal.Utils - [TestNG] Running:
  C:\Users\V Balraj\java_main\workspace\opencart\test-output\crossbrowsertesting.xml

18:09:53.382 [main] INFO  testCases.TC001_AccountRegistrationTest - ***** Starting TC001_AccountRegistrationTest  *****
18:09:53.509 [main] INFO  testCases.TC001_AccountRegistrationTest - Clicked on MyAccount Link
18:09:53.861 [main] INFO  testCases.TC001_AccountRegistrationTest - Clicked on Register Link
18:09:53.863 [main] INFO  testCases.TC001_AccountRegistrationTest - Providing customer details...
18:09:55.881 [main] INFO  testCases.TC001_AccountRegistrationTest - Validating expected message...
18:09:55.916 [main] INFO  testCases.TC001_AccountRegistrationTest - ***** Finished TC001_AccountRegistrationTest  *****
18:10:04.223 [main] INFO  testCases.TC001_AccountRegistrationTest - ***** Starting TC001_AccountRegistrationTest  *****
18:10:04.331 [main] INFO  testCases.TC001_AccountRegistrationTest - Clicked on MyAccount Link
18:10:04.992 [main] INFO  testCases.TC001_AccountRegistrationTest - Clicked on Register Link
18:10:04.992 [main] INFO  testCases.TC001_AccountRegistrationTest - Providing customer details...
18:10:06.494 [main] INFO  testCases.TC001_AccountRegistrationTest - Validating expected message...
18:10:06.530 [main] INFO  testCases.TC001_AccountRegistrationTest - ***** Finished TC001_AccountRegistrationTest  *****
18:10:18.915 [main] INFO  testCases.TC001_AccountRegistrationTest - ***** Starting TC001_AccountRegistrationTest  *****
18:10:19.867 [main] INFO  testCases.TC001_AccountRegistrationTest - Clicked on MyAccount Link
18:10:21.946 [main] INFO  testCases.TC001_AccountRegistrationTest - Clicked on Register Link
18:10:21.947 [main] INFO  testCases.TC001_AccountRegistrationTest - Providing customer details...
18:10:25.908 [main] INFO  testCases.TC001_AccountRegistrationTest - Validating expected message...
18:10:26.203 [main] INFO  testCases.TC001_AccountRegistrationTest - ***** Finished TC001_AccountRegistrationTest  *****
18:20:14.957 [main] DEBUG org.testng.TestNG - suiteXmlPath: "C:\Users\VBALRA~1\AppData\Local\Temp\testng-eclipse--1513225580\testng-customsuite.xml"
18:20:15.175 [main] INFO  org.testng.internal.Utils - [Utils] MethodGroupsHelper.collectMethodsByGroup() took 0 ms.
18:20:15.177 [main] INFO  org.testng.internal.Utils - [Utils] MethodGroupsHelper.sortMethods() took 1 ms.
18:20:15.179 [main] INFO  org.testng.internal.Utils - [Utils] MethodGroupsHelper.collectMethodsByGroup() took 0 ms.
18:20:15.179 [main] INFO  org.testng.internal.Utils - [Utils] MethodGroupsHelper.sortMethods() took 0 ms.
18:20:15.180 [main] INFO  org.testng.internal.Utils - [Utils] MethodGroupsHelper.collectMethodsByGroup() took 0 ms.
18:20:15.180 [main] INFO  org.testng.internal.Utils - [Utils] MethodGroupsHelper.sortMethods() took 0 ms.
18:20:15.181 [main] INFO  org.testng.internal.Utils - [Utils] MethodGroupsHelper.collectMethodsByGroup() took 0 ms.
18:20:15.181 [main] INFO  org.testng.internal.Utils - [Utils] MethodGroupsHelper.sortMethods() took 0 ms.
18:20:15.190 [main] INFO  org.testng.internal.Utils - [Utils] MethodGroupsHelper.collectMethodsByGroup() took 6 ms.
18:20:15.197 [main] INFO  org.testng.internal.Utils - [Utils] MethodGroupsHelper.sortMethods() took 7 ms.
18:20:15.199 [main] INFO  org.testng.internal.Utils - [Utils] MethodGroupsHelper.collectMethodsByGroup() took 0 ms.
18:20:15.199 [main] INFO  org.testng.internal.Utils - [Utils] MethodGroupsHelper.sortMethods() took 0 ms.
18:20:15.200 [main] INFO  org.testng.internal.Utils - [Utils] MethodGroupsHelper.collectMethodsByGroup() took 0 ms.
18:20:15.200 [main] INFO  org.testng.internal.Utils - [Utils] MethodGroupsHelper.sortMethods() took 0 ms.
18:20:15.200 [main] INFO  org.testng.internal.Utils - [Utils] MethodGroupsHelper.collectMethodsByGroup() took 0 ms.
18:20:15.200 [main] INFO  org.testng.internal.Utils - [Utils] MethodGroupsHelper.sortMethods() took 0 ms.
18:20:15.202 [main] INFO  org.testng.internal.Utils - [Utils] MethodGroupsHelper.collectMethodsByGroup() took 0 ms.
18:20:15.202 [main] INFO  org.testng.internal.Utils - [Utils] MethodGroupsHelper.sortMethods() took 0 ms.
18:20:15.203 [main] INFO  org.testng.internal.Utils - [Utils] MethodGroupsHelper.collectMethodsByGroup() took 0 ms.
18:20:15.203 [main] INFO  org.testng.internal.Utils - [Utils] MethodGroupsHelper.sortMethods() took 0 ms.
18:20:15.205 [main] INFO  org.testng.internal.Utils - [Utils] MethodGroupsHelper.collectMethodsByGroup() took 0 ms.
18:20:15.205 [main] INFO  org.testng.internal.Utils - [Utils] MethodGroupsHelper.sortMethods() took 0 ms.
18:20:15.205 [main] INFO  org.testng.internal.Utils - [Utils] MethodGroupsHelper.collectMethodsByGroup() took 0 ms.
18:20:15.205 [main] INFO  org.testng.internal.Utils - [Utils] MethodGroupsHelper.sortMethods() took 0 ms.
18:20:15.206 [main] INFO  org.testng.internal.Utils - [Utils] MethodGroupsHelper.collectMethodsByGroup() took 0 ms.
18:20:15.206 [main] INFO  org.testng.internal.Utils - [Utils] MethodGroupsHelper.sortMethods() took 0 ms.
18:20:15.209 [main] INFO  org.testng.internal.Utils - [Utils] MethodGroupsHelper.collectMethodsByGroup() took 0 ms.
18:20:15.209 [main] INFO  org.testng.internal.Utils - [Utils] MethodGroupsHelper.sortMethods() took 0 ms.
18:20:15.209 [main] INFO  org.testng.internal.Utils - [Utils] MethodGroupsHelper.collectMethodsByGroup() took 0 ms.
18:20:15.209 [main] INFO  org.testng.internal.Utils - [Utils] MethodGroupsHelper.sortMethods() took 0 ms.
18:20:15.216 [main] INFO  org.testng.internal.Utils - [TestNG] Running:
  C:\Users\V Balraj\AppData\Local\Temp\testng-eclipse--1513225580\testng-customsuite.xml

18:20:15.239 [main] INFO  org.testng.internal.Utils - [Utils] DynamicGraphHelper.createDynamicGraph() took 8 ms.
18:20:15.414 [main] INFO  org.testng.internal.Utils - [TestNG] Time taken by org.testng.reporters.jq.Main@5c153b9e: 67 ms
18:20:15.480 [main] INFO  org.testng.internal.Utils - [TestNG] Time taken by org.testng.reporters.FailedReporter@2ccca26f: 12 ms
18:20:15.492 [main] INFO  org.testng.internal.Utils - [TestNG] Time taken by org.testng.reporters.XMLReporter@3a3e4aff: 12 ms
18:20:15.503 [main] INFO  org.testng.internal.Utils - [TestNG] Time taken by org.testng.reporters.EmailableReporter2@3e7634b9: 11 ms
18:20:15.512 [main] INFO  org.testng.internal.Utils - [TestNG] Time taken by org.testng.reporters.JUnitReportReporter@1a7288a3: 9 ms
18:20:15.512 [main] INFO  org.testng.internal.Utils - [TestNG] Time taken by org.testng.internal.ExitCodeListener@2974f221: 0 ms
18:20:57.759 [main] DEBUG org.testng.TestNG - suiteXmlPath: "C:\Users\V Balraj\java_main\workspace\opencart\testng.xml"
18:20:58.002 [main] INFO  org.testng.internal.Utils - [TestNG] Running:
  C:\Users\V Balraj\java_main\workspace\opencart\testng.xml

18:21:31.217 [main] INFO  testCases.TC001_AccountRegistrationTest - ***** Starting TC001_AccountRegistrationTest  *****
18:21:31.336 [main] INFO  testCases.TC001_AccountRegistrationTest - Clicked on MyAccount Link
18:21:32.531 [main] INFO  testCases.TC001_AccountRegistrationTest - Clicked on Register Link
18:21:32.532 [main] INFO  testCases.TC001_AccountRegistrationTest - Providing customer details...
18:21:47.909 [main] INFO  testCases.TC001_AccountRegistrationTest - Validating expected message...
18:21:47.940 [main] INFO  testCases.TC001_AccountRegistrationTest - ***** Finished TC001_AccountRegistrationTest  *****
17:53:43.743 [main] DEBUG org.testng.TestNG - suiteXmlPath: "C:\Users\V Balraj\java_main\workspace\opencart\testng.xml"
17:53:44.321 [main] INFO  org.testng.internal.Utils - [TestNG] Running:
  C:\Users\V Balraj\java_main\workspace\opencart\testng.xml

17:54:52.804 [main] INFO  testCases.TC002_LoginTest - ****** Staring TC002_LoginTest *********
17:56:45.300 [main] DEBUG org.testng.TestNG - suiteXmlPath: "C:\Users\V Balraj\java_main\workspace\opencart\testng.xml"
17:56:45.540 [main] INFO  org.testng.internal.Utils - [TestNG] Running:
  C:\Users\V Balraj\java_main\workspace\opencart\testng.xml

17:57:16.375 [main] INFO  testCases.TC002_LoginTest - ****** Staring TC002_LoginTest *********
17:57:48.443 [main] INFO  testCases.TC002_LoginTest - *********** Finished TC002_LoginTest ***********
20:12:06.729 [main] DEBUG org.testng.TestNG - suiteXmlPath: "C:\Users\V Balraj\java_main\workspace\opencart\testng.xml"
20:12:07.419 [main] INFO  org.testng.internal.Utils - [TestNG] Running:
  C:\Users\V Balraj\java_main\workspace\opencart\testng.xml

20:12:48.393 [main] DEBUG org.apache.poi.openxml4j.opc.PackageRelationshipCollection - Parsing relationship: /xl/_rels/workbook.xml.rels
20:12:48.397 [main] DEBUG org.apache.poi.openxml4j.opc.PackageRelationshipCollection - Parsing relationship: /xl/worksheets/_rels/sheet1.xml.rels
20:12:48.398 [main] DEBUG org.apache.poi.openxml4j.opc.PackageRelationshipCollection - Parsing relationship: /_rels/.rels
20:12:51.747 [main] DEBUG org.apache.poi.openxml4j.opc.PackageRelationshipCollection - Parsing relationship: /xl/_rels/workbook.xml.rels
20:12:51.748 [main] DEBUG org.apache.poi.openxml4j.opc.PackageRelationshipCollection - Parsing relationship: /xl/worksheets/_rels/sheet1.xml.rels
20:12:51.749 [main] DEBUG org.apache.poi.openxml4j.opc.PackageRelationshipCollection - Parsing relationship: /_rels/.rels
20:12:51.771 [main] DEBUG org.apache.poi.openxml4j.opc.PackageRelationshipCollection - Parsing relationship: /xl/_rels/workbook.xml.rels
20:12:51.771 [main] DEBUG org.apache.poi.openxml4j.opc.PackageRelationshipCollection - Parsing relationship: /xl/worksheets/_rels/sheet1.xml.rels
20:12:51.772 [main] DEBUG org.apache.poi.openxml4j.opc.PackageRelationshipCollection - Parsing relationship: /_rels/.rels
20:12:51.801 [main] DEBUG org.apache.poi.openxml4j.opc.PackageRelationshipCollection - Parsing relationship: /xl/_rels/workbook.xml.rels
20:12:51.802 [main] DEBUG org.apache.poi.openxml4j.opc.PackageRelationshipCollection - Parsing relationship: /xl/worksheets/_rels/sheet1.xml.rels
20:12:51.804 [main] DEBUG org.apache.poi.openxml4j.opc.PackageRelationshipCollection - Parsing relationship: /_rels/.rels
20:12:51.823 [main] DEBUG org.apache.poi.openxml4j.opc.PackageRelationshipCollection - Parsing relationship: /xl/_rels/workbook.xml.rels
20:12:51.824 [main] DEBUG org.apache.poi.openxml4j.opc.PackageRelationshipCollection - Parsing relationship: /xl/worksheets/_rels/sheet1.xml.rels
20:12:51.824 [main] DEBUG org.apache.poi.openxml4j.opc.PackageRelationshipCollection - Parsing relationship: /_rels/.rels
20:12:51.843 [main] DEBUG org.apache.poi.openxml4j.opc.PackageRelationshipCollection - Parsing relationship: /xl/_rels/workbook.xml.rels
20:12:51.857 [main] DEBUG org.apache.poi.openxml4j.opc.PackageRelationshipCollection - Parsing relationship: /xl/worksheets/_rels/sheet1.xml.rels
20:12:51.858 [main] DEBUG org.apache.poi.openxml4j.opc.PackageRelationshipCollection - Parsing relationship: /_rels/.rels
20:12:51.876 [main] DEBUG org.apache.poi.openxml4j.opc.PackageRelationshipCollection - Parsing relationship: /xl/_rels/workbook.xml.rels
20:12:51.877 [main] DEBUG org.apache.poi.openxml4j.opc.PackageRelationshipCollection - Parsing relationship: /xl/worksheets/_rels/sheet1.xml.rels
20:12:51.877 [main] DEBUG org.apache.poi.openxml4j.opc.PackageRelationshipCollection - Parsing relationship: /_rels/.rels
20:12:51.894 [main] DEBUG org.apache.poi.openxml4j.opc.PackageRelationshipCollection - Parsing relationship: /xl/_rels/workbook.xml.rels
20:12:51.895 [main] DEBUG org.apache.poi.openxml4j.opc.PackageRelationshipCollection - Parsing relationship: /xl/worksheets/_rels/sheet1.xml.rels
20:12:51.895 [main] DEBUG org.apache.poi.openxml4j.opc.PackageRelationshipCollection - Parsing relationship: /_rels/.rels
20:12:51.913 [main] DEBUG org.apache.poi.openxml4j.opc.PackageRelationshipCollection - Parsing relationship: /xl/_rels/workbook.xml.rels
20:12:51.914 [main] DEBUG org.apache.poi.openxml4j.opc.PackageRelationshipCollection - Parsing relationship: /xl/worksheets/_rels/sheet1.xml.rels
20:12:51.915 [main] DEBUG org.apache.poi.openxml4j.opc.PackageRelationshipCollection - Parsing relationship: /_rels/.rels
20:12:51.932 [main] DEBUG org.apache.poi.openxml4j.opc.PackageRelationshipCollection - Parsing relationship: /xl/_rels/workbook.xml.rels
20:12:51.932 [main] DEBUG org.apache.poi.openxml4j.opc.PackageRelationshipCollection - Parsing relationship: /xl/worksheets/_rels/sheet1.xml.rels
20:12:51.933 [main] DEBUG org.apache.poi.openxml4j.opc.PackageRelationshipCollection - Parsing relationship: /_rels/.rels
20:12:51.949 [main] DEBUG org.apache.poi.openxml4j.opc.PackageRelationshipCollection - Parsing relationship: /xl/_rels/workbook.xml.rels
20:12:51.949 [main] DEBUG org.apache.poi.openxml4j.opc.PackageRelationshipCollection - Parsing relationship: /xl/worksheets/_rels/sheet1.xml.rels
20:12:51.950 [main] DEBUG org.apache.poi.openxml4j.opc.PackageRelationshipCollection - Parsing relationship: /_rels/.rels
20:12:51.966 [main] DEBUG org.apache.poi.openxml4j.opc.PackageRelationshipCollection - Parsing relationship: /xl/_rels/workbook.xml.rels
20:12:51.967 [main] DEBUG org.apache.poi.openxml4j.opc.PackageRelationshipCollection - Parsing relationship: /xl/worksheets/_rels/sheet1.xml.rels
20:12:51.968 [main] DEBUG org.apache.poi.openxml4j.opc.PackageRelationshipCollection - Parsing relationship: /_rels/.rels
20:12:51.990 [main] DEBUG org.apache.poi.openxml4j.opc.PackageRelationshipCollection - Parsing relationship: /xl/_rels/workbook.xml.rels
20:12:51.991 [main] DEBUG org.apache.poi.openxml4j.opc.PackageRelationshipCollection - Parsing relationship: /xl/worksheets/_rels/sheet1.xml.rels
20:12:51.992 [main] DEBUG org.apache.poi.openxml4j.opc.PackageRelationshipCollection - Parsing relationship: /_rels/.rels
20:12:52.007 [main] DEBUG org.apache.poi.openxml4j.opc.PackageRelationshipCollection - Parsing relationship: /xl/_rels/workbook.xml.rels
20:12:52.007 [main] DEBUG org.apache.poi.openxml4j.opc.PackageRelationshipCollection - Parsing relationship: /xl/worksheets/_rels/sheet1.xml.rels
20:12:52.008 [main] DEBUG org.apache.poi.openxml4j.opc.PackageRelationshipCollection - Parsing relationship: /_rels/.rels
20:12:52.023 [main] DEBUG org.apache.poi.openxml4j.opc.PackageRelationshipCollection - Parsing relationship: /xl/_rels/workbook.xml.rels
20:12:52.024 [main] DEBUG org.apache.poi.openxml4j.opc.PackageRelationshipCollection - Parsing relationship: /xl/worksheets/_rels/sheet1.xml.rels
20:12:52.025 [main] DEBUG org.apache.poi.openxml4j.opc.PackageRelationshipCollection - Parsing relationship: /_rels/.rels
20:12:52.038 [main] DEBUG org.apache.poi.openxml4j.opc.PackageRelationshipCollection - Parsing relationship: /xl/_rels/workbook.xml.rels
20:12:52.040 [main] DEBUG org.apache.poi.openxml4j.opc.PackageRelationshipCollection - Parsing relationship: /xl/worksheets/_rels/sheet1.xml.rels
20:12:52.041 [main] DEBUG org.apache.poi.openxml4j.opc.PackageRelationshipCollection - Parsing relationship: /_rels/.rels
20:12:52.056 [main] DEBUG org.apache.poi.openxml4j.opc.PackageRelationshipCollection - Parsing relationship: /xl/_rels/workbook.xml.rels
20:12:52.057 [main] DEBUG org.apache.poi.openxml4j.opc.PackageRelationshipCollection - Parsing relationship: /xl/worksheets/_rels/sheet1.xml.rels
20:12:52.057 [main] DEBUG org.apache.poi.openxml4j.opc.PackageRelationshipCollection - Parsing relationship: /_rels/.rels
20:12:52.455 [main] INFO  testCases.TC003_LoginDDT - ******* starting TC_003_LoginDDT*******
20:13:01.519 [main] INFO  testCases.TC003_LoginDDT - ******* Finished TC_003_LoginDDT  ********
20:13:01.522 [main] INFO  testCases.TC003_LoginDDT - ******* starting TC_003_LoginDDT*******
20:13:04.101 [main] INFO  testCases.TC003_LoginDDT - ******* Finished TC_003_LoginDDT  ********
20:13:04.106 [main] INFO  testCases.TC003_LoginDDT - ******* starting TC_003_LoginDDT*******
20:13:06.648 [main] INFO  testCases.TC003_LoginDDT - ******* Finished TC_003_LoginDDT  ********
20:13:06.653 [main] INFO  testCases.TC003_LoginDDT - ******* starting TC_003_LoginDDT*******
20:13:18.528 [main] INFO  testCases.TC003_LoginDDT - ******* Finished TC_003_LoginDDT  ********
20:13:18.530 [main] INFO  testCases.TC003_LoginDDT - ******* starting TC_003_LoginDDT*******
20:13:29.838 [main] INFO  testCases.TC003_LoginDDT - ******* Finished TC_003_LoginDDT  ********
18:08:38.685 [main] DEBUG org.testng.TestNG - suiteXmlPath: "C:\Users\VBALRA~1\AppData\Local\Temp\testng-eclipse--44784216\testng-customsuite.xml"
18:08:39.356 [main] INFO  org.testng.internal.Utils - [Utils] MethodGroupsHelper.collectMethodsByGroup() took 0 ms.
18:08:39.359 [main] INFO  org.testng.internal.Utils - [Utils] MethodGroupsHelper.sortMethods() took 1 ms.
18:08:39.362 [main] INFO  org.testng.internal.Utils - [Utils] MethodGroupsHelper.collectMethodsByGroup() took 0 ms.
18:08:39.362 [main] INFO  org.testng.internal.Utils - [Utils] MethodGroupsHelper.sortMethods() took 0 ms.
18:08:39.362 [main] INFO  org.testng.internal.Utils - [Utils] MethodGroupsHelper.collectMethodsByGroup() took 0 ms.
18:08:39.362 [main] INFO  org.testng.internal.Utils - [Utils] MethodGroupsHelper.sortMethods() took 0 ms.
18:08:39.363 [main] INFO  org.testng.internal.Utils - [Utils] MethodGroupsHelper.collectMethodsByGroup() took 0 ms.
18:08:39.363 [main] INFO  org.testng.internal.Utils - [Utils] MethodGroupsHelper.sortMethods() took 0 ms.
18:08:39.370 [main] INFO  org.testng.internal.Utils - [Utils] MethodGroupsHelper.collectMethodsByGroup() took 4 ms.
18:08:39.539 [main] INFO  org.testng.internal.Utils - [Utils] MethodGroupsHelper.sortMethods() took 169 ms.
18:08:39.540 [main] INFO  org.testng.internal.Utils - [Utils] MethodGroupsHelper.collectMethodsByGroup() took 0 ms.
18:08:39.541 [main] INFO  org.testng.internal.Utils - [Utils] MethodGroupsHelper.sortMethods() took 1 ms.
18:08:39.542 [main] INFO  org.testng.internal.Utils - [Utils] MethodGroupsHelper.collectMethodsByGroup() took 0 ms.
18:08:39.542 [main] INFO  org.testng.internal.Utils - [Utils] MethodGroupsHelper.sortMethods() took 0 ms.
18:08:39.542 [main] INFO  org.testng.internal.Utils - [Utils] MethodGroupsHelper.collectMethodsByGroup() took 0 ms.
18:08:39.542 [main] INFO  org.testng.internal.Utils - [Utils] MethodGroupsHelper.sortMethods() took 0 ms.
18:08:39.544 [main] INFO  org.testng.internal.Utils - [Utils] MethodGroupsHelper.collectMethodsByGroup() took 0 ms.
18:08:39.544 [main] INFO  org.testng.internal.Utils - [Utils] MethodGroupsHelper.sortMethods() took 0 ms.
18:08:39.545 [main] INFO  org.testng.internal.Utils - [Utils] MethodGroupsHelper.collectMethodsByGroup() took 0 ms.
18:08:39.545 [main] INFO  org.testng.internal.Utils - [Utils] MethodGroupsHelper.sortMethods() took 0 ms.
18:08:39.551 [main] INFO  org.testng.internal.Utils - [Utils] MethodGroupsHelper.collectMethodsByGroup() took 0 ms.
18:08:39.551 [main] INFO  org.testng.internal.Utils - [Utils] MethodGroupsHelper.sortMethods() took 0 ms.
18:08:39.551 [main] INFO  org.testng.internal.Utils - [Utils] MethodGroupsHelper.collectMethodsByGroup() took 0 ms.
18:08:39.551 [main] INFO  org.testng.internal.Utils - [Utils] MethodGroupsHelper.sortMethods() took 0 ms.
18:08:39.552 [main] INFO  org.testng.internal.Utils - [Utils] MethodGroupsHelper.collectMethodsByGroup() took 0 ms.
18:08:39.553 [main] INFO  org.testng.internal.Utils - [Utils] MethodGroupsHelper.sortMethods() took 1 ms.
18:08:39.557 [main] INFO  org.testng.internal.Utils - [Utils] MethodGroupsHelper.collectMethodsByGroup() took 0 ms.
18:08:39.557 [main] INFO  org.testng.internal.Utils - [Utils] MethodGroupsHelper.sortMethods() took 0 ms.
18:08:39.557 [main] INFO  org.testng.internal.Utils - [Utils] MethodGroupsHelper.collectMethodsByGroup() took 0 ms.
18:08:39.557 [main] INFO  org.testng.internal.Utils - [Utils] MethodGroupsHelper.sortMethods() took 0 ms.
18:08:39.573 [main] INFO  org.testng.internal.Utils - [TestNG] Running:
  C:\Users\V Balraj\AppData\Local\Temp\testng-eclipse--44784216\testng-customsuite.xml

18:08:39.591 [main] INFO  org.testng.internal.Utils - [Utils] DynamicGraphHelper.createDynamicGraph() took 5 ms.
18:08:40.115 [main] INFO  org.testng.internal.Utils - [TestNG] Time taken by org.testng.reporters.jq.Main@3591009c: 147 ms
18:08:40.125 [main] INFO  org.testng.internal.Utils - [TestNG] Time taken by org.testng.reporters.FailedReporter@3aa3193a: 10 ms
18:08:40.136 [main] INFO  org.testng.internal.Utils - [TestNG] Time taken by org.testng.reporters.XMLReporter@410954b: 11 ms
18:08:40.172 [main] INFO  org.testng.internal.Utils - [TestNG] Time taken by org.testng.reporters.EmailableReporter2@3a4b0e5d: 35 ms
18:08:40.180 [main] INFO  org.testng.internal.Utils - [TestNG] Time taken by org.testng.reporters.JUnitReportReporter@790174f2: 8 ms
18:08:40.180 [main] INFO  org.testng.internal.Utils - [TestNG] Time taken by org.testng.internal.ExitCodeListener@42257bdd: 0 ms
18:26:35.454 [main] DEBUG org.testng.TestNG - suiteXmlPath: "C:\Users\V Balraj\java_main\workspace\opencart\grouping.xml"
18:26:35.718 [main] INFO  org.testng.internal.Utils - [TestNG] Running:
  C:\Users\V Balraj\java_main\workspace\opencart\grouping.xml

18:27:16.350 [main] INFO  testCases.TC001_AccountRegistrationTest - ***** Starting TC001_AccountRegistrationTest  *****
18:27:16.817 [main] INFO  testCases.TC001_AccountRegistrationTest - Clicked on MyAccount Link
18:27:17.253 [main] INFO  testCases.TC001_AccountRegistrationTest - Clicked on Register Link
18:27:17.254 [main] INFO  testCases.TC001_AccountRegistrationTest - Providing customer details...
18:27:23.026 [main] INFO  testCases.TC001_AccountRegistrationTest - Validating expected message...
18:27:23.388 [main] INFO  testCases.TC001_AccountRegistrationTest - ***** Finished TC001_AccountRegistrationTest  *****
18:28:01.248 [main] INFO  testCases.TC002_LoginTest - ****** Staring TC002_LoginTest *********
18:28:04.928 [main] INFO  testCases.TC002_LoginTest - *********** Finished TC002_LoginTest ***********
18:28:54.751 [main] DEBUG org.testng.TestNG - suiteXmlPath: "C:\Users\V Balraj\java_main\workspace\opencart\grouping.xml"
18:28:55.014 [main] INFO  org.testng.internal.Utils - [TestNG] Running:
  C:\Users\V Balraj\java_main\workspace\opencart\grouping.xml

18:29:09.350 [main] INFO  testCases.TC002_LoginTest - ****** Staring TC002_LoginTest *********
18:29:13.730 [main] INFO  testCases.TC002_LoginTest - *********** Finished TC002_LoginTest ***********
20:15:45.567 [main] DEBUG org.testng.TestNG - suiteXmlPath: "C:\Users\V Balraj\java_main\workspace\opencart\grouping.xml"
20:15:45.887 [main] INFO  org.testng.internal.Utils - [TestNG] Running:
  C:\Users\V Balraj\java_main\workspace\opencart\grouping.xml

20:16:01.256 [main] INFO  testCases.TC001_AccountRegistrationTest - ***** Starting TC001_AccountRegistrationTest  *****
20:16:01.378 [main] INFO  testCases.TC001_AccountRegistrationTest - Clicked on MyAccount Link
20:16:02.925 [main] INFO  testCases.TC001_AccountRegistrationTest - Clicked on Register Link
20:16:02.927 [main] INFO  testCases.TC001_AccountRegistrationTest - Providing customer details...
20:16:04.585 [main] INFO  testCases.TC001_AccountRegistrationTest - Validating expected message...
20:16:04.620 [main] INFO  testCases.TC001_AccountRegistrationTest - ***** Finished TC001_AccountRegistrationTest  *****
20:16:44.871 [main] INFO  testCases.TC002_LoginTest - ****** Staring TC002_LoginTest *********
20:16:48.493 [main] INFO  testCases.TC002_LoginTest - *********** Finished TC002_LoginTest ***********
20:32:42.101 [main] DEBUG org.testng.TestNG - suiteXmlPath: "C:\Users\V Balraj\java_main\workspace\opencart\grouping.xml"
20:32:42.403 [main] INFO  org.testng.internal.Utils - [TestNG] Running:
  C:\Users\V Balraj\java_main\workspace\opencart\grouping.xml

20:33:00.221 [main] INFO  testCases.TC001_AccountRegistrationTest - ***** Starting TC001_AccountRegistrationTest  *****
20:33:00.455 [main] INFO  testCases.TC001_AccountRegistrationTest - Clicked on MyAccount Link
20:33:00.852 [main] INFO  testCases.TC001_AccountRegistrationTest - Clicked on Register Link
20:33:00.879 [main] INFO  testCases.TC001_AccountRegistrationTest - Providing customer details...
20:33:02.707 [main] INFO  testCases.TC001_AccountRegistrationTest - Validating expected message...
20:33:02.741 [main] INFO  testCases.TC001_AccountRegistrationTest - ***** Finished TC001_AccountRegistrationTest  *****
20:33:48.157 [main] INFO  testCases.TC002_LoginTest - ****** Staring TC002_LoginTest *********
20:33:52.883 [main] INFO  testCases.TC002_LoginTest - *********** Finished TC002_LoginTest ***********
20:35:42.984 [main] DEBUG org.testng.TestNG - suiteXmlPath: "C:\Users\V Balraj\java_main\workspace\opencart\grouping.xml"
20:35:43.248 [main] INFO  org.testng.internal.Utils - [TestNG] Running:
  C:\Users\V Balraj\java_main\workspace\opencart\grouping.xml

20:35:48.342 [main] INFO  testCases.TC001_AccountRegistrationTest - ***** Starting TC001_AccountRegistrationTest  *****
20:35:48.460 [main] INFO  testCases.TC001_AccountRegistrationTest - Clicked on MyAccount Link
20:35:50.220 [main] INFO  testCases.TC001_AccountRegistrationTest - Clicked on Register Link
20:35:50.220 [main] INFO  testCases.TC001_AccountRegistrationTest - Providing customer details...
20:36:08.121 [main] INFO  testCases.TC001_AccountRegistrationTest - Validating expected message...
20:36:18.200 [main] ERROR testCases.TC001_AccountRegistrationTest - Test failed..
20:36:18.200 [main] DEBUG testCases.TC001_AccountRegistrationTest - Debug logs...
20:36:43.970 [main] INFO  testCases.TC002_LoginTest - ****** Staring TC002_LoginTest *********
20:39:31.715 [main] DEBUG org.testng.TestNG - suiteXmlPath: "C:\Users\V Balraj\java_main\workspace\opencart\test-output\testng-failed.xml"
20:39:31.972 [main] INFO  org.testng.internal.Utils - [TestNG] Running:
  C:\Users\V Balraj\java_main\workspace\opencart\test-output\testng-failed.xml

20:39:36.766 [main] INFO  testCases.TC002_LoginTest - ****** Staring TC002_LoginTest *********
20:39:39.328 [main] INFO  testCases.TC002_LoginTest - *********** Finished TC002_LoginTest ***********
20:40:06.599 [main] INFO  testCases.TC001_AccountRegistrationTest - ***** Starting TC001_AccountRegistrationTest  *****
20:40:06.704 [main] INFO  testCases.TC001_AccountRegistrationTest - Clicked on MyAccount Link
20:40:09.501 [main] INFO  testCases.TC001_AccountRegistrationTest - Clicked on Register Link
20:40:09.502 [main] INFO  testCases.TC001_AccountRegistrationTest - Providing customer details...
20:40:37.640 [main] INFO  testCases.TC001_AccountRegistrationTest - Validating expected message...
20:40:37.672 [main] INFO  testCases.TC001_AccountRegistrationTest - ***** Finished TC001_AccountRegistrationTest  *****
20:41:49.711 [main] DEBUG org.testng.TestNG - suiteXmlPath: "C:\Users\V Balraj\java_main\workspace\opencart\grouping.xml"
20:41:49.977 [main] INFO  org.testng.internal.Utils - [TestNG] Running:
  C:\Users\V Balraj\java_main\workspace\opencart\grouping.xml

20:42:25.355 [main] INFO  testCases.TC001_AccountRegistrationTest - ***** Starting TC001_AccountRegistrationTest  *****
20:42:25.474 [main] INFO  testCases.TC001_AccountRegistrationTest - Clicked on MyAccount Link
20:42:29.100 [main] INFO  testCases.TC001_AccountRegistrationTest - Clicked on Register Link
20:42:29.101 [main] INFO  testCases.TC001_AccountRegistrationTest - Providing customer details...
20:42:30.587 [main] INFO  testCases.TC001_AccountRegistrationTest - Validating expected message...
20:42:30.619 [main] ERROR testCases.TC001_AccountRegistrationTest - Test failed..
20:42:30.619 [main] DEBUG testCases.TC001_AccountRegistrationTest - Debug logs...
20:43:28.289 [main] INFO  testCases.TC002_LoginTest - ****** Staring TC002_LoginTest *********
20:43:29.802 [main] INFO  testCases.TC002_LoginTest - *********** Finished TC002_LoginTest ***********
20:44:56.965 [main] DEBUG org.testng.TestNG - suiteXmlPath: "C:\Users\V Balraj\java_main\workspace\opencart\test-output\testng-failed.xml"
20:44:57.215 [main] INFO  org.testng.internal.Utils - [TestNG] Running:
  C:\Users\V Balraj\java_main\workspace\opencart\test-output\testng-failed.xml

20:45:01.717 [main] INFO  testCases.TC001_AccountRegistrationTest - ***** Starting TC001_AccountRegistrationTest  *****
20:45:01.854 [main] INFO  testCases.TC001_AccountRegistrationTest - Clicked on MyAccount Link
20:45:02.987 [main] INFO  testCases.TC001_AccountRegistrationTest - Clicked on Register Link
20:45:02.989 [main] INFO  testCases.TC001_AccountRegistrationTest - Providing customer details...
20:45:05.420 [main] INFO  testCases.TC001_AccountRegistrationTest - Validating expected message...
20:45:05.456 [main] INFO  testCases.TC001_AccountRegistrationTest - ***** Finished TC001_AccountRegistrationTest  *****
12:07:12.438 [main] DEBUG org.testng.TestNG - suiteXmlPath: "C:\Users\V Balraj\java_main\workspace\opencart\testng.xml"
12:07:12.827 [main] INFO  org.testng.internal.Utils - [TestNG] Running:
  C:\Users\V Balraj\java_main\workspace\opencart\testng.xml

12:07:35.085 [main] INFO  testCases.TC001_AccountRegistrationTest - ***** Starting TC001_AccountRegistrationTest  *****
12:07:36.517 [main] INFO  testCases.TC001_AccountRegistrationTest - Clicked on MyAccount Link
12:07:37.571 [main] INFO  testCases.TC001_AccountRegistrationTest - Clicked on Register Link
12:07:37.668 [main] INFO  testCases.TC001_AccountRegistrationTest - Providing customer details...
12:07:42.943 [main] INFO  testCases.TC001_AccountRegistrationTest - Validating expected message...
12:07:43.220 [main] INFO  testCases.TC001_AccountRegistrationTest - ***** Finished TC001_AccountRegistrationTest  *****
12:07:49.462 [main] INFO  testCases.TC002_LoginTest - ****** Staring TC002_LoginTest *********
12:07:51.990 [main] INFO  testCases.TC002_LoginTest - *********** Finished TC002_LoginTest ***********
12:08:46.609 [main] DEBUG org.testng.TestNG - suiteXmlPath: "C:\Users\V Balraj\java_main\workspace\opencart\testng.xml"
12:08:46.883 [main] INFO  org.testng.internal.Utils - [TestNG] Running:
  C:\Users\V Balraj\java_main\workspace\opencart\testng.xml

12:08:55.481 [main] INFO  testCases.TC001_AccountRegistrationTest - ***** Starting TC001_AccountRegistrationTest  *****
12:08:55.627 [main] INFO  testCases.TC001_AccountRegistrationTest - Clicked on MyAccount Link
12:08:56.265 [main] INFO  testCases.TC001_AccountRegistrationTest - Clicked on Register Link
12:08:56.267 [main] INFO  testCases.TC001_AccountRegistrationTest - Providing customer details...
12:09:00.829 [main] INFO  testCases.TC001_AccountRegistrationTest - Validating expected message...
12:09:00.876 [main] INFO  testCases.TC001_AccountRegistrationTest - ***** Finished TC001_AccountRegistrationTest  *****
12:09:06.524 [main] INFO  testCases.TC002_LoginTest - ****** Staring TC002_LoginTest *********
12:09:07.966 [main] INFO  testCases.TC002_LoginTest - *********** Finished TC002_LoginTest ***********
18:41:33.238 [main] DEBUG org.testng.TestNG - suiteXmlPath: "C:\Users\V Balraj\java_main\workspace\opencart\testng.xml"
18:41:33.629 [main] INFO  org.testng.internal.Utils - [TestNG] Running:
  C:\Users\V Balraj\java_main\workspace\opencart\testng.xml

18:42:01.898 [main] INFO  testCases.TC001_AccountRegistrationTest - ***** Starting TC001_AccountRegistrationTest  *****
18:42:04.403 [main] INFO  testCases.TC001_AccountRegistrationTest - Clicked on MyAccount Link
18:42:05.435 [main] INFO  testCases.TC001_AccountRegistrationTest - Clicked on Register Link
18:42:05.437 [main] INFO  testCases.TC001_AccountRegistrationTest - Providing customer details...
18:42:11.176 [main] INFO  testCases.TC001_AccountRegistrationTest - Validating expected message...
18:42:12.578 [main] INFO  testCases.TC001_AccountRegistrationTest - ***** Finished TC001_AccountRegistrationTest  *****
18:42:46.813 [main] INFO  testCases.TC002_LoginTest - ****** Staring TC002_LoginTest *********
18:43:23.109 [main] INFO  testCases.TC002_LoginTest - *********** Finished TC002_LoginTest ***********
18:45:13.139 [main] DEBUG org.testng.TestNG - suiteXmlPath: "C:\Users\V Balraj\java_main\workspace\opencart\testng.xml"
18:45:51.162 [main] INFO  testCases.TC001_AccountRegistrationTest - ***** Starting TC001_AccountRegistrationTest  *****
18:45:51.292 [main] INFO  testCases.TC001_AccountRegistrationTest - Clicked on MyAccount Link
18:45:53.932 [main] INFO  testCases.TC001_AccountRegistrationTest - Clicked on Register Link
18:45:53.934 [main] INFO  testCases.TC001_AccountRegistrationTest - Providing customer details...
18:46:10.475 [main] INFO  testCases.TC001_AccountRegistrationTest - Validating expected message...
18:46:10.522 [main] INFO  testCases.TC001_AccountRegistrationTest - ***** Finished TC001_AccountRegistrationTest  *****
18:46:16.060 [main] INFO  testCases.TC002_LoginTest - ****** Staring TC002_LoginTest *********
18:46:17.604 [main] INFO  testCases.TC002_LoginTest - *********** Finished TC002_LoginTest ***********
19:06:19.309 [main] DEBUG org.testng.TestNG - suiteXmlPath: "C:\Users\V Balraj\java_main\workspace\opencart\testng.xml"
19:06:35.546 [main] INFO  testCases.TC001_AccountRegistrationTest - ***** Starting TC001_AccountRegistrationTest  *****
19:06:35.748 [main] INFO  testCases.TC001_AccountRegistrationTest - Clicked on MyAccount Link
19:06:38.755 [main] INFO  testCases.TC001_AccountRegistrationTest - Clicked on Register Link
19:06:38.757 [main] INFO  testCases.TC001_AccountRegistrationTest - Providing customer details...
19:06:41.119 [main] INFO  testCases.TC001_AccountRegistrationTest - Validating expected message...
19:06:41.155 [main] INFO  testCases.TC001_AccountRegistrationTest - ***** Finished TC001_AccountRegistrationTest  *****
19:07:15.562 [main] INFO  testCases.TC002_LoginTest - ****** Staring TC002_LoginTest *********
19:07:25.479 [main] INFO  testCases.TC002_LoginTest - *********** Finished TC002_LoginTest ***********
19:23:49.304 [main] DEBUG org.testng.TestNG - suiteXmlPath: "C:\Users\V Balraj\java_main\workspace\opencart\testng.xml"
19:26:19.424 [main] DEBUG org.testng.TestNG - suiteXmlPath: "C:\Users\V Balraj\java_main\workspace\opencart\testng.xml"
19:27:13.869 [main] DEBUG org.testng.TestNG - suiteXmlPath: "C:\Users\V Balraj\java_main\workspace\opencart\testng.xml"
19:28:40.873 [main] DEBUG org.testng.TestNG - suiteXmlPath: "C:\Users\VBALRA~1\AppData\Local\Temp\testng-eclipse--309304558\testng-customsuite.xml"
19:28:41.042 [main] INFO  org.testng.internal.Utils - [[TestNGClassFinder]] Unable to read methods on class testCases.TC001_AccountRegistrationTest - unable to resolve class reference IOException
19:28:41.050 [main] INFO  org.testng.internal.Utils - [Utils] MethodGroupsHelper.collectMethodsByGroup() took 0 ms.
19:28:41.053 [main] INFO  org.testng.internal.Utils - [Utils] MethodGroupsHelper.sortMethods() took 2 ms.
19:28:41.053 [main] INFO  org.testng.internal.Utils - [Utils] MethodGroupsHelper.collectMethodsByGroup() took 0 ms.
19:28:41.053 [main] INFO  org.testng.internal.Utils - [Utils] MethodGroupsHelper.sortMethods() took 0 ms.
19:28:41.053 [main] INFO  org.testng.internal.Utils - [Utils] MethodGroupsHelper.collectMethodsByGroup() took 0 ms.
19:28:41.054 [main] INFO  org.testng.internal.Utils - [Utils] MethodGroupsHelper.sortMethods() took 0 ms.
19:28:41.054 [main] INFO  org.testng.internal.Utils - [Utils] MethodGroupsHelper.collectMethodsByGroup() took 0 ms.
19:28:41.054 [main] INFO  org.testng.internal.Utils - [Utils] MethodGroupsHelper.sortMethods() took 0 ms.
19:28:41.054 [main] INFO  org.testng.internal.Utils - [Utils] MethodGroupsHelper.collectMethodsByGroup() took 0 ms.
19:28:41.055 [main] INFO  org.testng.internal.Utils - [Utils] MethodGroupsHelper.sortMethods() took 0 ms.
19:28:41.063 [main] INFO  org.testng.internal.Utils - [TestNG] Running:
  C:\Users\V Balraj\AppData\Local\Temp\testng-eclipse--309304558\testng-customsuite.xml

